[INFO] Scanning for projects...
[INFO] 
[INFO] ----------------------< com.fytzi:order-service >-----------------------
[INFO] Building order-service 1.0.0-SNAPSHOT
[INFO]   from pom.xml
[INFO] --------------------------------[ jar ]---------------------------------
[INFO] 
[INFO] >>> spring-boot:3.2.5:run (default-cli) > test-compile @ order-service >>>
[INFO] 
[INFO] --- resources:3.3.1:resources (default-resources) @ order-service ---
[INFO] Copying 1 resource from src/main/resources to target/classes
[INFO] Copying 0 resource from src/main/resources to target/classes
[INFO] 
[INFO] --- compiler:3.11.0:compile (default-compile) @ order-service ---
[INFO] Nothing to compile - all classes are up to date
[INFO] 
[INFO] --- resources:3.3.1:testResources (default-testResources) @ order-service ---
[INFO] skip non existing resourceDirectory /Users/surajs/ordermanagement_microservies/order-service/src/test/resources
[INFO] 
[INFO] --- compiler:3.11.0:testCompile (default-testCompile) @ order-service ---
[INFO] Nothing to compile - all classes are up to date
[INFO] 
[INFO] <<< spring-boot:3.2.5:run (default-cli) < test-compile @ order-service <<<
[INFO] 
[INFO] 
[INFO] --- spring-boot:3.2.5:run (default-cli) @ order-service ---
[INFO] Attaching agents: []

  .   ____          _            __ _ _
 /\\ / ___'_ __ _ _(_)_ __  __ _ \ \ \ \
( ( )\___ | '_ | '_| | '_ \/ _` | \ \ \ \
 \\/  ___)| |_)| | | | | || (_| |  ) ) ) )
  '  |____| .__|_| |_|_| |_\__, | / / / /
 =========|_|==============|___/=/_/_/_/
 :: Spring Boot ::                (v3.2.5)

2026-02-20T22:25:03.444+05:30  INFO 13063 --- [order-service] [           main] c.f.o.OrderServiceApplication            : Starting OrderServiceApplication using Java 17.0.4.1 with PID 13063 (/Users/surajs/ordermanagement_microservies/order-service/target/classes started by surajs in /Users/surajs/ordermanagement_microservies/order-service)
2026-02-20T22:25:03.445+05:30  INFO 13063 --- [order-service] [           main] c.f.o.OrderServiceApplication            : No active profile set, falling back to 1 default profile: "default"
2026-02-20T22:25:03.885+05:30  INFO 13063 --- [order-service] [           main] .s.d.r.c.RepositoryConfigurationDelegate : Bootstrapping Spring Data JPA repositories in DEFAULT mode.
2026-02-20T22:25:03.963+05:30  INFO 13063 --- [order-service] [           main] .s.d.r.c.RepositoryConfigurationDelegate : Finished Spring Data repository scanning in 72 ms. Found 1 JPA repository interface.
2026-02-20T22:25:04.065+05:30  INFO 13063 --- [order-service] [           main] o.s.cloud.context.scope.GenericScope     : BeanFactory id=5c4aec0b-7dff-3089-8bad-3ca42bd17f49
2026-02-20T22:25:04.125+05:30  WARN 13063 --- [order-service] [           main] trationDelegate$BeanPostProcessorChecker : Bean 'org.springframework.cloud.client.loadbalancer.LoadBalancerAutoConfiguration$DeferringLoadBalancerInterceptorConfig' of type [org.springframework.cloud.client.loadbalancer.LoadBalancerAutoConfiguration$DeferringLoadBalancerInterceptorConfig] is not eligible for getting processed by all BeanPostProcessors (for example: not eligible for auto-proxying). The currently created BeanPostProcessor [lbRestClientPostProcessor] is declared through a non-static factory method on that class; consider declaring it as static instead.
2026-02-20T22:25:04.126+05:30  WARN 13063 --- [order-service] [           main] trationDelegate$BeanPostProcessorChecker : Bean 'deferringLoadBalancerInterceptor' of type [org.springframework.cloud.client.loadbalancer.DeferringLoadBalancerInterceptor] is not eligible for getting processed by all BeanPostProcessors (for example: not eligible for auto-proxying). Is this bean getting eagerly injected into a currently created BeanPostProcessor [lbRestClientPostProcessor]? Check the corresponding BeanPostProcessor declaration and its dependencies.
2026-02-20T22:25:04.219+05:30  INFO 13063 --- [order-service] [           main] o.s.b.w.embedded.tomcat.TomcatWebServer  : Tomcat initialized with port 8085 (http)
2026-02-20T22:25:04.224+05:30  INFO 13063 --- [order-service] [           main] o.apache.catalina.core.StandardService   : Starting service [Tomcat]
2026-02-20T22:25:04.224+05:30  INFO 13063 --- [order-service] [           main] o.apache.catalina.core.StandardEngine    : Starting Servlet engine: [Apache Tomcat/10.1.20]
2026-02-20T22:25:04.252+05:30  INFO 13063 --- [order-service] [           main] o.a.c.c.C.[Tomcat].[localhost].[/]       : Initializing Spring embedded WebApplicationContext
2026-02-20T22:25:04.252+05:30  INFO 13063 --- [order-service] [           main] w.s.c.ServletWebServerApplicationContext : Root WebApplicationContext: initialization completed in 781 ms
2026-02-20T22:25:04.320+05:30  INFO 13063 --- [order-service] [           main] o.hibernate.jpa.internal.util.LogHelper  : HHH000204: Processing PersistenceUnitInfo [name: default]
2026-02-20T22:25:04.351+05:30  INFO 13063 --- [order-service] [           main] org.hibernate.Version                    : HHH000412: Hibernate ORM core version 6.4.4.Final
2026-02-20T22:25:04.366+05:30  INFO 13063 --- [order-service] [           main] o.h.c.internal.RegionFactoryInitiator    : HHH000026: Second-level cache disabled
2026-02-20T22:25:04.476+05:30  INFO 13063 --- [order-service] [           main] o.s.o.j.p.SpringPersistenceUnitInfo      : No LoadTimeWeaver setup: ignoring JPA class transformer
2026-02-20T22:25:04.487+05:30  INFO 13063 --- [order-service] [           main] com.zaxxer.hikari.HikariDataSource       : HikariPool-1 - Starting...
2026-02-20T22:25:04.597+05:30  INFO 13063 --- [order-service] [           main] com.zaxxer.hikari.pool.HikariPool        : HikariPool-1 - Added connection org.postgresql.jdbc.PgConnection@42d174ad
2026-02-20T22:25:04.598+05:30  INFO 13063 --- [order-service] [           main] com.zaxxer.hikari.HikariDataSource       : HikariPool-1 - Start completed.
2026-02-20T22:25:04.630+05:30  WARN 13063 --- [order-service] [           main] org.hibernate.orm.deprecation            : HHH90000025: PostgreSQLDialect does not need to be specified explicitly using 'hibernate.dialect' (remove the property setting and it will be selected by default)
2026-02-20T22:25:05.036+05:30  INFO 13063 --- [order-service] [           main] o.h.e.t.j.p.i.JtaPlatformInitiator       : HHH000489: No JTA platform available (set 'hibernate.transaction.jta.platform' to enable JTA platform integration)
2026-02-20T22:25:05.106+05:30  INFO 13063 --- [order-service] [           main] j.LocalContainerEntityManagerFactoryBean : Initialized JPA EntityManagerFactory for persistence unit 'default'
2026-02-20T22:25:05.217+05:30  INFO 13063 --- [order-service] [           main] o.s.d.j.r.query.QueryEnhancerFactory     : Hibernate is in classpath; If applicable, HQL parser will be used.
2026-02-20T22:25:05.260+05:30  WARN 13063 --- [order-service] [           main] JpaBaseConfiguration$JpaWebConfiguration : spring.jpa.open-in-view is enabled by default. Therefore, database queries may be performed during view rendering. Explicitly configure spring.jpa.open-in-view to disable this warning
2026-02-20T22:25:05.296+05:30  INFO 13063 --- [order-service] [           main] o.s.c.openfeign.FeignClientFactoryBean   : For 'PRODUCT-SERVICE' URL not provided. Will try picking an instance via load-balancing.
2026-02-20T22:25:05.316+05:30  INFO 13063 --- [order-service] [           main] o.s.c.openfeign.FeignClientFactoryBean   : For 'INVENTORY-SERVICE' URL not provided. Will try picking an instance via load-balancing.
2026-02-20T22:25:05.486+05:30  INFO 13063 --- [order-service] [           main] DiscoveryClientOptionalArgsConfiguration : Eureka HTTP Client uses RestTemplate.
2026-02-20T22:25:05.495+05:30  WARN 13063 --- [order-service] [           main] iguration$LoadBalancerCaffeineWarnLogger : Spring Cloud LoadBalancer is currently working with the default cache. While this cache implementation is useful for development and tests, it's recommended to use Caffeine cache in production.You can switch to using Caffeine cache, by adding it and org.springframework.cache.caffeine.CaffeineCacheManager to the classpath.
2026-02-20T22:25:05.508+05:30  INFO 13063 --- [order-service] [           main] o.s.c.n.eureka.InstanceInfoFactory       : Setting initial instance status as: STARTING
2026-02-20T22:25:05.548+05:30  INFO 13063 --- [order-service] [           main] com.netflix.discovery.DiscoveryClient    : Initializing Eureka in region us-east-1
2026-02-20T22:25:05.550+05:30  INFO 13063 --- [order-service] [           main] c.n.d.s.r.aws.ConfigClusterResolver      : Resolving eureka endpoints via configuration
2026-02-20T22:25:05.560+05:30  INFO 13063 --- [order-service] [           main] com.netflix.discovery.DiscoveryClient    : Disable delta property : false
2026-02-20T22:25:05.560+05:30  INFO 13063 --- [order-service] [           main] com.netflix.discovery.DiscoveryClient    : Single vip registry refresh property : null
2026-02-20T22:25:05.560+05:30  INFO 13063 --- [order-service] [           main] com.netflix.discovery.DiscoveryClient    : Force full registry fetch : false
2026-02-20T22:25:05.560+05:30  INFO 13063 --- [order-service] [           main] com.netflix.discovery.DiscoveryClient    : Application is null : false
2026-02-20T22:25:05.560+05:30  INFO 13063 --- [order-service] [           main] com.netflix.discovery.DiscoveryClient    : Registered Applications size is zero : true
2026-02-20T22:25:05.561+05:30  INFO 13063 --- [order-service] [           main] com.netflix.discovery.DiscoveryClient    : Application version is -1: true
2026-02-20T22:25:05.561+05:30  INFO 13063 --- [order-service] [           main] com.netflix.discovery.DiscoveryClient    : Getting all instance registry info from the eureka server
2026-02-20T22:25:05.726+05:30  INFO 13063 --- [order-service] [           main] com.netflix.discovery.DiscoveryClient    : The response status is 200
2026-02-20T22:25:05.731+05:30  INFO 13063 --- [order-service] [           main] com.netflix.discovery.DiscoveryClient    : Starting heartbeat executor: renew interval is: 30
2026-02-20T22:25:05.732+05:30  INFO 13063 --- [order-service] [           main] c.n.discovery.InstanceInfoReplicator     : InstanceInfoReplicator onDemand update allowed rate per min is 4
2026-02-20T22:25:05.734+05:30  INFO 13063 --- [order-service] [           main] com.netflix.discovery.DiscoveryClient    : Discovery Client initialized at timestamp 1771606505733 with initial instances count: 6
2026-02-20T22:25:05.736+05:30  INFO 13063 --- [order-service] [           main] o.s.c.n.e.s.EurekaServiceRegistry        : Registering application ORDER-SERVICE with eureka with status UP
2026-02-20T22:25:05.736+05:30  INFO 13063 --- [order-service] [           main] com.netflix.discovery.DiscoveryClient    : Saw local status change event StatusChangeEvent [timestamp=1771606505736, current=UP, previous=STARTING]
2026-02-20T22:25:05.736+05:30  INFO 13063 --- [order-service] [nfoReplicator-0] com.netflix.discovery.DiscoveryClient    : DiscoveryClient_ORDER-SERVICE/192.168.0.102:order-service:8085: registering service...
2026-02-20T22:25:05.744+05:30  INFO 13063 --- [order-service] [           main] o.s.b.w.embedded.tomcat.TomcatWebServer  : Tomcat started on port 8085 (http) with context path ''
2026-02-20T22:25:05.744+05:30  INFO 13063 --- [order-service] [           main] .s.c.n.e.s.EurekaAutoServiceRegistration : Updating port to 8085
2026-02-20T22:25:05.750+05:30  INFO 13063 --- [order-service] [nfoReplicator-0] com.netflix.discovery.DiscoveryClient    : DiscoveryClient_ORDER-SERVICE/192.168.0.102:order-service:8085 - registration status: 204
2026-02-20T22:25:05.751+05:30  INFO 13063 --- [order-service] [           main] c.f.o.OrderServiceApplication            : Started OrderServiceApplication in 2.532 seconds (process running for 2.734)
2026-02-20T22:25:16.801+05:30  INFO 13063 --- [order-service] [nio-8085-exec-1] o.a.c.c.C.[Tomcat].[localhost].[/]       : Initializing Spring DispatcherServlet 'dispatcherServlet'
2026-02-20T22:25:16.801+05:30  INFO 13063 --- [order-service] [nio-8085-exec-1] o.s.web.servlet.DispatcherServlet        : Initializing Servlet 'dispatcherServlet'
2026-02-20T22:25:16.803+05:30  INFO 13063 --- [order-service] [nio-8085-exec-1] o.s.web.servlet.DispatcherServlet        : Completed initialization in 2 ms
2026-02-20T22:25:16.874+05:30  WARN 13063 --- [order-service] [nio-8085-exec-1] .w.s.m.s.DefaultHandlerExceptionResolver : Resolved [org.springframework.web.HttpRequestMethodNotSupportedException: Request method 'POST' is not supported]
2026-02-20T22:25:33.200+05:30  INFO 13063 --- [order-service] [nio-8085-exec-2] c.f.o.controller.OrderController         : userId  value: [1]
2026-02-20T22:25:33.200+05:30  INFO 13063 --- [order-service] [nio-8085-exec-2] c.f.o.service.impl.OrderServiceImpl      : Creating order for user: 1
2026-02-20T22:25:33.200+05:30  INFO 13063 --- [order-service] [nio-8085-exec-2] c.f.o.service.impl.OrderServiceImpl      : Validating productIds: [1, 7]
2026-02-20T22:25:33.397+05:30 ERROR 13063 --- [order-service] [nio-8085-exec-2] c.f.o.service.impl.OrderServiceImpl      : Bad request to product service: [400] during [POST] to [http://PRODUCT-SERVICE/products/reduceStock] [ProductClient#placeOrder(CreateOrderRequest)]: [{"status":400,"message":"Not enough stock for 1","timestamp":"2026-02-20T22:25:33.393507"}]
2026-02-20T22:26:13.621+05:30  INFO 13063 --- [order-service] [nio-8085-exec-4] c.f.o.controller.OrderController         : userId  value: [1]
2026-02-20T22:26:13.623+05:30  INFO 13063 --- [order-service] [nio-8085-exec-4] c.f.o.service.impl.OrderServiceImpl      : Creating order for user: 1
2026-02-20T22:26:13.623+05:30  INFO 13063 --- [order-service] [nio-8085-exec-4] c.f.o.service.impl.OrderServiceImpl      : Validating productIds: [7]
Hibernate: 
    insert 
    into
        orders
        (created_at, status, total_amount, user_id) 
    values
        (?, ?, ?, ?)
Hibernate: 
    insert 
    into
        order_items
        (order_id, price_at_purchase, product_id, quantity) 
    values
        (?, ?, ?, ?)
2026-02-20T22:27:34.321+05:30  INFO 13063 --- [order-service] [nio-8085-exec-5] c.f.o.controller.OrderController         : userId  value: [1]
2026-02-20T22:27:34.322+05:30  INFO 13063 --- [order-service] [nio-8085-exec-5] c.f.o.service.impl.OrderServiceImpl      : Creating order for user: 1
2026-02-20T22:27:34.322+05:30  INFO 13063 --- [order-service] [nio-8085-exec-5] c.f.o.service.impl.OrderServiceImpl      : Validating productIds: [7]
Hibernate: 
    insert 
    into
        orders
        (created_at, status, total_amount, user_id) 
    values
        (?, ?, ?, ?)
Hibernate: 
    insert 
    into
        order_items
        (order_id, price_at_purchase, product_id, quantity) 
    values
        (?, ?, ?, ?)
2026-02-20T22:27:44.665+05:30  INFO 13063 --- [order-service] [nio-8085-exec-6] c.f.o.controller.OrderController         : userId  value: [1]
2026-02-20T22:27:44.666+05:30  INFO 13063 --- [order-service] [nio-8085-exec-6] c.f.o.service.impl.OrderServiceImpl      : Creating order for user: 1
2026-02-20T22:27:44.666+05:30  INFO 13063 --- [order-service] [nio-8085-exec-6] c.f.o.service.impl.OrderServiceImpl      : Validating productIds: [100]
2026-02-20T22:27:44.686+05:30 ERROR 13063 --- [order-service] [nio-8085-exec-6] c.f.o.service.impl.OrderServiceImpl      : Error validating products: [400] during [POST] to [http://PRODUCT-SERVICE/products/validation] [ProductClient#checkProductExsists(ProductListRequest)]: [{"status":400,"message":"These are invalid product ids [100]","timestamp":"2026-02-20T22:27:44.684509"}]
